
higgsCombineHToAAH125A10.0_MAY1_KINFIT_mumu.AsymptoticLimits.mH10.root
higgsCombineHToAAH125A10.0_MAY1_KINFIT_mumu.AsymptoticLimits.mH10.root
<ROOT.TTree object ("limit") at 0x57e5a20> 0.0455486594205

higgsCombineHToAAH125A10.1_MAY1_KINFIT_mumu.AsymptoticLimits.mH10.1.root
higgsCombineHToAAH125A10.1_MAY1_KINFIT_mumu.AsymptoticLimits.mH10.1.root
<ROOT.TTree object ("limit") at 0x5958c50> 0.0572421467198

higgsCombineHToAAH125A10.2_MAY1_KINFIT_mumu.AsymptoticLimits.mH10.2.root
higgsCombineHToAAH125A10.2_MAY1_KINFIT_mumu.AsymptoticLimits.mH10.2.root
<ROOT.TTree object ("limit") at 0x5952c50> 0.000261306762695
<ROOT.TTree object ("limit") at 0x5952c50> 0.000521592795849
<ROOT.TTree object ("limit") at 0x5952c50> 0.06689453125
<ROOT.TTree object ("limit") at 0x5952c50> 0.0703609064221
<ROOT.TTree object ("limit") at 0x5952c50> 0.07477876544
<ROOT.TTree object ("limit") at 0x5952c50> 0.0682489854842

higgsCombineHToAAH125A10.3_MAY1_KINFIT_mumu.AsymptoticLimits.mH10.3.root
higgsCombineHToAAH125A10.3_MAY1_KINFIT_mumu.AsymptoticLimits.mH10.3.root
<ROOT.TTree object ("limit") at 0x58e62c0> 0.00031852722168
<ROOT.TTree object ("limit") at 0x58e62c0> 0.0006358101964
<ROOT.TTree object ("limit") at 0x58e62c0> 0.08154296875
<ROOT.TTree object ("limit") at 0x58e62c0> 0.0857684090734
<ROOT.TTree object ("limit") at 0x58e62c0> 0.0917872488499
<ROOT.TTree object ("limit") at 0x58e62c0> 0.304638757895

higgsCombineHToAAH125A10.4_MAY1_KINFIT_mumu.AsymptoticLimits.mH10.4.root
higgsCombineHToAAH125A10.4_MAY1_KINFIT_mumu.AsymptoticLimits.mH10.4.root
<ROOT.TTree object ("limit") at 0x596aa70> 0.104491662345

higgsCombineHToAAH125A10.5_MAY1_KINFIT_mumu.AsymptoticLimits.mH10.5.root
higgsCombineHToAAH125A10.5_MAY1_KINFIT_mumu.AsymptoticLimits.mH10.5.root
<ROOT.TTree object ("limit") at 0x58e6170> 0.000494003295898
<ROOT.TTree object ("limit") at 0x58e6170> 0.000986076891422
<ROOT.TTree object ("limit") at 0x58e6170> 0.12646484375
<ROOT.TTree object ("limit") at 0x58e6170> 0.134026259184
<ROOT.TTree object ("limit") at 0x58e6170> 0.143323451281
<ROOT.TTree object ("limit") at 0x58e6170> 0.308294983632

higgsCombineHToAAH125A10.6_MAY1_KINFIT_mumu.AsymptoticLimits.mH10.6.root
higgsCombineHToAAH125A10.6_MAY1_KINFIT_mumu.AsymptoticLimits.mH10.6.root
<ROOT.TTree object ("limit") at 0x5915750> 0.186000490735

higgsCombineHToAAH125A10.7_MAY1_KINFIT_mumu.AsymptoticLimits.mH10.7.root
higgsCombineHToAAH125A10.7_MAY1_KINFIT_mumu.AsymptoticLimits.mH10.7.root
<ROOT.TTree object ("limit") at 0x59522a0> 0.992202758789
<ROOT.TTree object ("limit") at 0x59522a0> 0.283439941434

higgsCombineHToAAH125A10.8_MAY1_KINFIT_mumu.AsymptoticLimits.mH10.8.root
higgsCombineHToAAH125A10.8_MAY1_KINFIT_mumu.AsymptoticLimits.mH10.8.root
<ROOT.TTree object ("limit") at 0x58f0c30> 2.6692199707
<ROOT.TTree object ("limit") at 0x58f0c30> 0.531985951722

higgsCombineHToAAH125A10.9_MAY1_KINFIT_mumu.AsymptoticLimits.mH10.9.root
higgsCombineHToAAH125A10.9_MAY1_KINFIT_mumu.AsymptoticLimits.mH10.9.root
<ROOT.TTree object ("limit") at 0x5952220> 8.31115722656
<ROOT.TTree object ("limit") at 0x5952220> 1.66023751987

higgsCombineHToAAH125A11.0_MAY1_KINFIT_mumu.AsymptoticLimits.mH11.root
higgsCombineHToAAH125A11.0_MAY1_KINFIT_mumu.AsymptoticLimits.mH11.root
<ROOT.TTree object ("limit") at 0x5915770> 3984.375
<ROOT.TTree object ("limit") at 0x5915770> 113928.720632

higgsCombineHToAAH125A11.1_MAY1_KINFIT_mumu.AsymptoticLimits.mH11.1.root
higgsCombineHToAAH125A11.1_MAY1_KINFIT_mumu.AsymptoticLimits.mH11.1.root
<ROOT.TTree object ("limit") at 0x598ffe0> 0.298828260007

higgsCombineHToAAH125A11.2_MAY1_KINFIT_mumu.AsymptoticLimits.mH11.2.root
higgsCombineHToAAH125A11.2_MAY1_KINFIT_mumu.AsymptoticLimits.mH11.2.root
<ROOT.TTree object ("limit") at 0x5915710> 0.000313758850098
<ROOT.TTree object ("limit") at 0x5915710> 0.000627364497632
<ROOT.TTree object ("limit") at 0x5915710> 0.642578125
<ROOT.TTree object ("limit") at 0x5915710> 0.645139455795
<ROOT.TTree object ("limit") at 0x5915710> 0.719273328781
<ROOT.TTree object ("limit") at 0x5915710> 0.645649718928

higgsCombineHToAAH125A11.3_MAY1_KINFIT_mumu.AsymptoticLimits.mH11.3.root
higgsCombineHToAAH125A11.3_MAY1_KINFIT_mumu.AsymptoticLimits.mH11.3.root
<ROOT.TTree object ("limit") at 0x5952890> 1.25679016113
<ROOT.TTree object ("limit") at 0x5952890> 0.269494385672

higgsCombineHToAAH125A11.4_MAY1_KINFIT_mumu.AsymptoticLimits.mH11.4.root
higgsCombineHToAAH125A11.4_MAY1_KINFIT_mumu.AsymptoticLimits.mH11.4.root
<ROOT.TTree object ("limit") at 0x59aa6f0> 0.698432922363
<ROOT.TTree object ("limit") at 0x59aa6f0> 0.148077778376

higgsCombineHToAAH125A11.5_MAY1_KINFIT_mumu.AsymptoticLimits.mH11.5.root
higgsCombineHToAAH125A11.5_MAY1_KINFIT_mumu.AsymptoticLimits.mH11.5.root
<ROOT.TTree object ("limit") at 0x596a480> 0.093861787082

__init__.py

higgsCombineHToAAH125A11.6_MAY1_KINFIT_mumu.AsymptoticLimits.mH11.6.root
higgsCombineHToAAH125A11.6_MAY1_KINFIT_mumu.AsymptoticLimits.mH11.6.root
<ROOT.TTree object ("limit") at 0x5962330> 0.000253677368164
<ROOT.TTree object ("limit") at 0x5962330> 0.000506363809109
<ROOT.TTree object ("limit") at 0x5962330> 0.06494140625
<ROOT.TTree object ("limit") at 0x5962330> 0.0698597282171
<ROOT.TTree object ("limit") at 0x5962330> 0.0753432959318
<ROOT.TTree object ("limit") at 0x5962330> 0.00468250637915

higgsCombineHToAAH125A11.7_MAY1_KINFIT_mumu.AsymptoticLimits.mH11.7.root
higgsCombineHToAAH125A11.7_MAY1_KINFIT_mumu.AsymptoticLimits.mH11.7.root
<ROOT.TTree object ("limit") at 0x5962330> 0.243744401998

higgsCombineHToAAH125A11.8_MAY1_KINFIT_mumu.AsymptoticLimits.mH11.8.root
higgsCombineHToAAH125A11.8_MAY1_KINFIT_mumu.AsymptoticLimits.mH11.8.root
<ROOT.TTree object ("limit") at 0x59aa080> 0.17071723938
<ROOT.TTree object ("limit") at 0x59aa080> 0.0365587092671

higgsCombineHToAAH125A11.9_MAY1_KINFIT_mumu.AsymptoticLimits.mH11.9.root
higgsCombineHToAAH125A11.9_MAY1_KINFIT_mumu.AsymptoticLimits.mH11.9.root
<ROOT.TTree object ("limit") at 0x5956480> 0.132780075073
<ROOT.TTree object ("limit") at 0x5956480> 0.0285647263235

higgsCombineHToAAH125A12.0_MAY1_KINFIT_mumu.AsymptoticLimits.mH12.root
higgsCombineHToAAH125A12.0_MAY1_KINFIT_mumu.AsymptoticLimits.mH12.root
<ROOT.TTree object ("limit") at 0x5969f60> 0.0226209328049

higgsCombineHToAAH125A12.1_MAY1_KINFIT_mumu.AsymptoticLimits.mH12.1.root
higgsCombineHToAAH125A12.1_MAY1_KINFIT_mumu.AsymptoticLimits.mH12.1.root
<ROOT.TTree object ("limit") at 0x59680e0> 0.0831699371338
<ROOT.TTree object ("limit") at 0x59680e0> 0.0183410016017

higgsCombineHToAAH125A12.2_MAY1_KINFIT_mumu.AsymptoticLimits.mH12.2.root
higgsCombineHToAAH125A12.2_MAY1_KINFIT_mumu.AsymptoticLimits.mH12.2.root
<ROOT.TTree object ("limit") at 0x5962330> 0.00908364728129

higgsCombineHToAAH125A12.3_MAY1_KINFIT_mumu.AsymptoticLimits.mH12.3.root
higgsCombineHToAAH125A12.3_MAY1_KINFIT_mumu.AsymptoticLimits.mH12.3.root
<ROOT.TTree object ("limit") at 0x59abaf0> 0.00123270394144

higgsCombineHToAAH125A12.4_MAY1_KINFIT_mumu.AsymptoticLimits.mH12.4.root
higgsCombineHToAAH125A12.4_MAY1_KINFIT_mumu.AsymptoticLimits.mH12.4.root
<ROOT.TTree object ("limit") at 0x5956480> 0.00299072265625
<ROOT.TTree object ("limit") at 0x5956480> 0.010647711568

higgsCombineHToAAH125A12.5_MAY1_KINFIT_mumu.AsymptoticLimits.mH12.5.root
higgsCombineHToAAH125A12.5_MAY1_KINFIT_mumu.AsymptoticLimits.mH12.5.root
<ROOT.TTree object ("limit") at 0x5956480> 0.000289916992188
<ROOT.TTree object ("limit") at 0x5956480> 0.000570774078369
<ROOT.TTree object ("limit") at 0x5956480> 0.00927734375
<ROOT.TTree object ("limit") at 0x5956480> 0.010164860636
<ROOT.TTree object ("limit") at 0x5956480> 0.0110107753426
<ROOT.TTree object ("limit") at 0x5956480> 0.00950189351397

higgsCombineHToAAH125A12.6_MAY1_KINFIT_mumu.AsymptoticLimits.mH12.6.root
higgsCombineHToAAH125A12.6_MAY1_KINFIT_mumu.AsymptoticLimits.mH12.6.root
<ROOT.TTree object ("limit") at 0x59aa080> 0.0353660583496
<ROOT.TTree object ("limit") at 0x59aa080> 0.000293054287993

higgsCombineHToAAH125A12.7_MAY1_KINFIT_mumu.AsymptoticLimits.mH12.7.root
higgsCombineHToAAH125A12.7_MAY1_KINFIT_mumu.AsymptoticLimits.mH12.7.root
<ROOT.TTree object ("limit") at 0x5962330> 0.0283584594727
<ROOT.TTree object ("limit") at 0x5962330> 0.00115265761592

higgsCombineHToAAH125A12.8_MAY1_KINFIT_mumu.AsymptoticLimits.mH12.8.root
higgsCombineHToAAH125A12.8_MAY1_KINFIT_mumu.AsymptoticLimits.mH12.8.root
<ROOT.TTree object ("limit") at 0x596a040> 0.000335693359375
<ROOT.TTree object ("limit") at 0x596a040> 0.000650405883789
<ROOT.TTree object ("limit") at 0x596a040> 0.00537109375
<ROOT.TTree object ("limit") at 0x596a040> 0.00571364443749
<ROOT.TTree object ("limit") at 0x596a040> 0.00670918216929
<ROOT.TTree object ("limit") at 0x596a040> 0.0181027843268

higgsCombineHToAAH125A12.9_MAY1_KINFIT_mumu.AsymptoticLimits.mH12.9.root
higgsCombineHToAAH125A12.9_MAY1_KINFIT_mumu.AsymptoticLimits.mH12.9.root
<ROOT.TTree object ("limit") at 0x59ac240> 0.00503540039062
<ROOT.TTree object ("limit") at 0x59ac240> 0.00732421875019

higgsCombineHToAAH125A13.0_MAY1_KINFIT_mumu.AsymptoticLimits.mH13.root
higgsCombineHToAAH125A13.0_MAY1_KINFIT_mumu.AsymptoticLimits.mH13.root
<ROOT.TTree object ("limit") at 0x58d8cd0> 0.000292968750471

higgsCombineHToAAH125A13.1_MAY1_KINFIT_mumu.AsymptoticLimits.mH13.1.root
higgsCombineHToAAH125A13.1_MAY1_KINFIT_mumu.AsymptoticLimits.mH13.1.root
<ROOT.TTree object ("limit") at 0x59ac160> 0.00042724609375
<ROOT.TTree object ("limit") at 0x59ac160> 0.00304412841797
<ROOT.TTree object ("limit") at 0x59ac160> 0.00341796875
<ROOT.TTree object ("limit") at 0x59ac160> 0.0038539422676
<ROOT.TTree object ("limit") at 0x59ac160> 0.00426266714931
<ROOT.TTree object ("limit") at 0x59ac160> 0.000292968909635

higgsCombineHToAAH125A13.2_MAY1_KINFIT_mumu.AsymptoticLimits.mH13.2.root
higgsCombineHToAAH125A13.2_MAY1_KINFIT_mumu.AsymptoticLimits.mH13.2.root
<ROOT.TTree object ("limit") at 0x5952730> 0.00402608859611

higgsCombineHToAAH125A13.3_MAY1_KINFIT_mumu.AsymptoticLimits.mH13.3.root
higgsCombineHToAAH125A13.3_MAY1_KINFIT_mumu.AsymptoticLimits.mH13.3.root
<ROOT.TTree object ("limit") at 0x59ac120> 0.000274658203125
<ROOT.TTree object ("limit") at 0x59ac120> 0.000532150268555
<ROOT.TTree object ("limit") at 0x59ac120> 0.00439453125
<ROOT.TTree object ("limit") at 0x59ac120> 0.00467479974031
<ROOT.TTree object ("limit") at 0x59ac120> 0.00494631007314
<ROOT.TTree object ("limit") at 0x59ac120> 0.00452823581583

higgsCombineHToAAH125A13.4_MAY1_KINFIT_mumu.AsymptoticLimits.mH13.4.root
higgsCombineHToAAH125A13.4_MAY1_KINFIT_mumu.AsymptoticLimits.mH13.4.root
<ROOT.TTree object ("limit") at 0x57e5b20> 0.000335693359375
<ROOT.TTree object ("limit") at 0x57e5b20> 0.000650405883789
<ROOT.TTree object ("limit") at 0x57e5b20> 0.00537109375
<ROOT.TTree object ("limit") at 0x57e5b20> 0.00571364443749
<ROOT.TTree object ("limit") at 0x57e5b20> 0.00604549050331
<ROOT.TTree object ("limit") at 0x57e5b20> 0.00511068973092

higgsCombineHToAAH125A13.5_MAY1_KINFIT_mumu.AsymptoticLimits.mH13.5.root
higgsCombineHToAAH125A13.5_MAY1_KINFIT_mumu.AsymptoticLimits.mH13.5.root
<ROOT.TTree object ("limit") at 0x5915af0> 0.000335693359375
<ROOT.TTree object ("limit") at 0x5915af0> 0.000650405883789
<ROOT.TTree object ("limit") at 0x5915af0> 0.00537109375
<ROOT.TTree object ("limit") at 0x5915af0> 0.00571364443749
<ROOT.TTree object ("limit") at 0x5915af0> 0.00604549050331
<ROOT.TTree object ("limit") at 0x5915af0> 0.00524594647965

higgsCombineHToAAH125A13.6_MAY1_KINFIT_mumu.AsymptoticLimits.mH13.6.root
higgsCombineHToAAH125A13.6_MAY1_KINFIT_mumu.AsymptoticLimits.mH13.6.root
<ROOT.TTree object ("limit") at 0x57e59b0> 0.000335693359375
<ROOT.TTree object ("limit") at 0x57e59b0> 0.000650405883789
<ROOT.TTree object ("limit") at 0x57e59b0> 0.00537109375
<ROOT.TTree object ("limit") at 0x57e59b0> 0.00571364443749
<ROOT.TTree object ("limit") at 0x57e59b0> 0.00604549050331
<ROOT.TTree object ("limit") at 0x57e59b0> 0.00526114226587

higgsCombineHToAAH125A13.7_MAY1_KINFIT_mumu.AsymptoticLimits.mH13.7.root
higgsCombineHToAAH125A13.7_MAY1_KINFIT_mumu.AsymptoticLimits.mH13.7.root
<ROOT.TTree object ("limit") at 0x596a5d0> 0.000335693359375
<ROOT.TTree object ("limit") at 0x596a5d0> 0.000650405883789
<ROOT.TTree object ("limit") at 0x596a5d0> 0.00537109375
<ROOT.TTree object ("limit") at 0x596a5d0> 0.00571364443749
<ROOT.TTree object ("limit") at 0x596a5d0> 0.00604549050331
<ROOT.TTree object ("limit") at 0x596a5d0> 0.00513328662292

higgsCombineHToAAH125A13.8_MAY1_KINFIT_mumu.AsymptoticLimits.mH13.8.root
higgsCombineHToAAH125A13.8_MAY1_KINFIT_mumu.AsymptoticLimits.mH13.8.root
<ROOT.TTree object ("limit") at 0x599f530> 0.000335693359375
<ROOT.TTree object ("limit") at 0x599f530> 0.000650405883789
<ROOT.TTree object ("limit") at 0x599f530> 0.00537109375
<ROOT.TTree object ("limit") at 0x599f530> 0.00571364443749
<ROOT.TTree object ("limit") at 0x599f530> 0.00604549050331
<ROOT.TTree object ("limit") at 0x599f530> 0.00502945611993

higgsCombineHToAAH125A13.9_MAY1_KINFIT_mumu.AsymptoticLimits.mH13.9.root
higgsCombineHToAAH125A13.9_MAY1_KINFIT_mumu.AsymptoticLimits.mH13.9.root
<ROOT.TTree object ("limit") at 0x58d8cd0> 0.000335693359375
<ROOT.TTree object ("limit") at 0x58d8cd0> 0.000650405883789
<ROOT.TTree object ("limit") at 0x58d8cd0> 0.00537109375
<ROOT.TTree object ("limit") at 0x58d8cd0> 0.00571364443749
<ROOT.TTree object ("limit") at 0x58d8cd0> 0.00604549050331
<ROOT.TTree object ("limit") at 0x58d8cd0> 0.000343436761937

higgsCombineHToAAH125A14.0_MAY1_KINFIT_mumu.AsymptoticLimits.mH14.root
higgsCombineHToAAH125A14.0_MAY1_KINFIT_mumu.AsymptoticLimits.mH14.root
<ROOT.TTree object ("limit") at 0x59aaa00> 0.000335693359375
<ROOT.TTree object ("limit") at 0x59aaa00> 0.000650405883789
<ROOT.TTree object ("limit") at 0x59aaa00> 0.00537109375
<ROOT.TTree object ("limit") at 0x59aaa00> 0.00571364443749
<ROOT.TTree object ("limit") at 0x59aaa00> 0.00604549050331
<ROOT.TTree object ("limit") at 0x59aaa00> 0.00488979219767

higgsCombineHToAAH125A14.1_MAY1_KINFIT_mumu.AsymptoticLimits.mH14.1.root
higgsCombineHToAAH125A14.1_MAY1_KINFIT_mumu.AsymptoticLimits.mH14.1.root
<ROOT.TTree object ("limit") at 0x59616f0> 0.000335693359375
<ROOT.TTree object ("limit") at 0x59616f0> 0.000650405883789
<ROOT.TTree object ("limit") at 0x59616f0> 0.00537109375
<ROOT.TTree object ("limit") at 0x59616f0> 0.00571364443749
<ROOT.TTree object ("limit") at 0x59616f0> 0.00604549050331
<ROOT.TTree object ("limit") at 0x59616f0> 0.00479221079503

higgsCombineHToAAH125A14.2_MAY1_KINFIT_mumu.AsymptoticLimits.mH14.2.root
higgsCombineHToAAH125A14.2_MAY1_KINFIT_mumu.AsymptoticLimits.mH14.2.root
<ROOT.TTree object ("limit") at 0x599e4c0> 0.000274658203125
<ROOT.TTree object ("limit") at 0x599e4c0> 0.000532150268555
<ROOT.TTree object ("limit") at 0x599e4c0> 0.00439453125
<ROOT.TTree object ("limit") at 0x599e4c0> 0.00467479974031
<ROOT.TTree object ("limit") at 0x599e4c0> 0.00548933027312
<ROOT.TTree object ("limit") at 0x599e4c0> 0.00458951309228

higgsCombineHToAAH125A14.3_MAY1_KINFIT_mumu.AsymptoticLimits.mH14.3.root
higgsCombineHToAAH125A14.3_MAY1_KINFIT_mumu.AsymptoticLimits.mH14.3.root
<ROOT.TTree object ("limit") at 0x59ab660> 0.000274658203125
<ROOT.TTree object ("limit") at 0x59ab660> 0.000532150268555
<ROOT.TTree object ("limit") at 0x59ab660> 0.00439453125
<ROOT.TTree object ("limit") at 0x59ab660> 0.0052353371866
<ROOT.TTree object ("limit") at 0x59ab660> 0.00599731737748
<ROOT.TTree object ("limit") at 0x59ab660> 0.000367160045232

higgsCombineHToAAH125A14.4_MAY1_KINFIT_mumu.AsymptoticLimits.mH14.4.root
higgsCombineHToAAH125A14.4_MAY1_KINFIT_mumu.AsymptoticLimits.mH14.4.root
<ROOT.TTree object ("limit") at 0x599e550> 0.000274658203125
<ROOT.TTree object ("limit") at 0x599e550> 0.000532150268555
<ROOT.TTree object ("limit") at 0x599e550> 0.00439453125
<ROOT.TTree object ("limit") at 0x599e550> 0.00467479974031
<ROOT.TTree object ("limit") at 0x599e550> 0.00548933027312
<ROOT.TTree object ("limit") at 0x599e550> 0.0043791201012

higgsCombineHToAAH125A14.5_MAY1_KINFIT_mumu.AsymptoticLimits.mH14.5.root
higgsCombineHToAAH125A14.5_MAY1_KINFIT_mumu.AsymptoticLimits.mH14.5.root
<ROOT.TTree object ("limit") at 0x59ab7b0> 0.0041787174121

higgsCombineHToAAH125A14.6_MAY1_KINFIT_mumu.AsymptoticLimits.mH14.6.root
higgsCombineHToAAH125A14.6_MAY1_KINFIT_mumu.AsymptoticLimits.mH14.6.root
<ROOT.TTree object ("limit") at 0x57b0b50> 0.00030517578125
<ROOT.TTree object ("limit") at 0x57b0b50> 0.000572204589844
<ROOT.TTree object ("limit") at 0x57b0b50> 0.00244140625
<ROOT.TTree object ("limit") at 0x57b0b50> 0.00337563501671
<ROOT.TTree object ("limit") at 0x57b0b50> 0.0036286553368
<ROOT.TTree object ("limit") at 0x57b0b50> 0.000368268179853

higgsCombineHToAAH125A14.7_MAY1_KINFIT_mumu.AsymptoticLimits.mH14.7.root
higgsCombineHToAAH125A14.7_MAY1_KINFIT_mumu.AsymptoticLimits.mH14.7.root
<ROOT.TTree object ("limit") at 0x5956480> 0.00042724609375
<ROOT.TTree object ("limit") at 0x5956480> 0.000801086425781
<ROOT.TTree object ("limit") at 0x5956480> 0.00341796875
<ROOT.TTree object ("limit") at 0x5956480> 0.0038539422676
<ROOT.TTree object ("limit") at 0x5956480> 0.00426266714931
<ROOT.TTree object ("limit") at 0x5956480> 0.00798981343135

higgsCombineHToAAH125A14.8_MAY1_KINFIT_mumu.AsymptoticLimits.mH14.8.root
higgsCombineHToAAH125A14.8_MAY1_KINFIT_mumu.AsymptoticLimits.mH14.8.root
<ROOT.TTree object ("limit") at 0x599e9f0> 0.00030517578125
<ROOT.TTree object ("limit") at 0x599e9f0> 0.00217437744141
<ROOT.TTree object ("limit") at 0x599e9f0> 0.00244140625
<ROOT.TTree object ("limit") at 0x599e9f0> 0.0027528158389
<ROOT.TTree object ("limit") at 0x599e9f0> 0.00304476241581
<ROOT.TTree object ("limit") at 0x599e9f0> 0.00387187128437

higgsCombineHToAAH125A14.9_MAY1_KINFIT_mumu.AsymptoticLimits.mH14.9.root
higgsCombineHToAAH125A14.9_MAY1_KINFIT_mumu.AsymptoticLimits.mH14.9.root
<ROOT.TTree object ("limit") at 0x556c510> 0.000359002920205

higgsCombineHToAAH125A15.0_MAY1_KINFIT_mumu.AsymptoticLimits.mH15.root
higgsCombineHToAAH125A15.0_MAY1_KINFIT_mumu.AsymptoticLimits.mH15.root
<ROOT.TTree object ("limit") at 0x599e9d0> 0.000360466865462

higgsCombineHToAAH125A15.1_MAY1_KINFIT_mumu.AsymptoticLimits.mH15.1.root
higgsCombineHToAAH125A15.1_MAY1_KINFIT_mumu.AsymptoticLimits.mH15.1.root
<ROOT.TTree object ("limit") at 0x59abc40> 0.000369297147591

higgsCombineHToAAH125A15.2_MAY1_KINFIT_mumu.AsymptoticLimits.mH15.2.root
higgsCombineHToAAH125A15.2_MAY1_KINFIT_mumu.AsymptoticLimits.mH15.2.root
<ROOT.TTree object ("limit") at 0x599e9e0> 0.00299072265625
<ROOT.TTree object ("limit") at 0x599e9e0> 0.000372216542546

higgsCombineHToAAH125A15.3_MAY1_KINFIT_mumu.AsymptoticLimits.mH15.3.root
higgsCombineHToAAH125A15.3_MAY1_KINFIT_mumu.AsymptoticLimits.mH15.3.root
<ROOT.TTree object ("limit") at 0x59522e0> 0.00581528775574

higgsCombineHToAAH125A15.4_MAY1_KINFIT_mumu.AsymptoticLimits.mH15.4.root
higgsCombineHToAAH125A15.4_MAY1_KINFIT_mumu.AsymptoticLimits.mH15.4.root
<ROOT.TTree object ("limit") at 0x599ebe0> 0.00278499104875

higgsCombineHToAAH125A15.5_MAY1_KINFIT_mumu.AsymptoticLimits.mH15.5.root
higgsCombineHToAAH125A15.5_MAY1_KINFIT_mumu.AsymptoticLimits.mH15.5.root
<ROOT.TTree object ("limit") at 0x5969cf0> 0.00968885758517

higgsCombineHToAAH125A15.6_MAY1_KINFIT_mumu.AsymptoticLimits.mH15.6.root
higgsCombineHToAAH125A15.6_MAY1_KINFIT_mumu.AsymptoticLimits.mH15.6.root
<ROOT.TTree object ("limit") at 0x599f140> 0.00733424898934

higgsCombineHToAAH125A15.7_MAY1_KINFIT_mumu.AsymptoticLimits.mH15.7.root
higgsCombineHToAAH125A15.7_MAY1_KINFIT_mumu.AsymptoticLimits.mH15.7.root
<ROOT.TTree object ("limit") at 0x57cebb0> 0.00675519688401

higgsCombineHToAAH125A15.8_MAY1_KINFIT_mumu.AsymptoticLimits.mH15.8.root
higgsCombineHToAAH125A15.8_MAY1_KINFIT_mumu.AsymptoticLimits.mH15.8.root
<ROOT.TTree object ("limit") at 0x599f020> 0.0010986328125
<ROOT.TTree object ("limit") at 0x599f020> 0.00709468035255

higgsCombineHToAAH125A15.9_MAY1_KINFIT_mumu.AsymptoticLimits.mH15.9.root
higgsCombineHToAAH125A15.9_MAY1_KINFIT_mumu.AsymptoticLimits.mH15.9.root
<ROOT.TTree object ("limit") at 0x58f0c30> 0.00263711795218

higgsCombineHToAAH125A16.0_MAY1_KINFIT_mumu.AsymptoticLimits.mH16.root
higgsCombineHToAAH125A16.0_MAY1_KINFIT_mumu.AsymptoticLimits.mH16.root
<ROOT.TTree object ("limit") at 0x59528d0> 0.00238592059042

higgsCombineHToAAH125A16.1_MAY1_KINFIT_mumu.AsymptoticLimits.mH16.1.root
higgsCombineHToAAH125A16.1_MAY1_KINFIT_mumu.AsymptoticLimits.mH16.1.root
<ROOT.TTree object ("limit") at 0x599f300> 0.00326450605048

higgsCombineHToAAH125A16.2_MAY1_KINFIT_mumu.AsymptoticLimits.mH16.2.root
higgsCombineHToAAH125A16.2_MAY1_KINFIT_mumu.AsymptoticLimits.mH16.2.root
<ROOT.TTree object ("limit") at 0x599f000> 0.00263672184565

higgsCombineHToAAH125A16.3_MAY1_KINFIT_mumu.AsymptoticLimits.mH16.3.root
higgsCombineHToAAH125A16.3_MAY1_KINFIT_mumu.AsymptoticLimits.mH16.3.root
<ROOT.TTree object ("limit") at 0x59529d0> 0.000292968835824

higgsCombineHToAAH125A16.4_MAY1_KINFIT_mumu.AsymptoticLimits.mH16.4.root
higgsCombineHToAAH125A16.4_MAY1_KINFIT_mumu.AsymptoticLimits.mH16.4.root
<ROOT.TTree object ("limit") at 0x599f170> 0.00263671875121

higgsCombineHToAAH125A16.5_MAY1_KINFIT_mumu.AsymptoticLimits.mH16.5.root
higgsCombineHToAAH125A16.5_MAY1_KINFIT_mumu.AsymptoticLimits.mH16.5.root
<ROOT.TTree object ("limit") at 0x5952b40> 0.000293050909723

higgsCombineHToAAH125A16.6_MAY1_KINFIT_mumu.AsymptoticLimits.mH16.6.root
higgsCombineHToAAH125A16.6_MAY1_KINFIT_mumu.AsymptoticLimits.mH16.6.root
<ROOT.TTree object ("limit") at 0x5976a50> 0.000292976565024

higgsCombineHToAAH125A16.7_MAY1_KINFIT_mumu.AsymptoticLimits.mH16.7.root
higgsCombineHToAAH125A16.7_MAY1_KINFIT_mumu.AsymptoticLimits.mH16.7.root
<ROOT.TTree object ("limit") at 0x59aaa00> 0.000292968892144

higgsCombineHToAAH125A16.8_MAY1_KINFIT_mumu.AsymptoticLimits.mH16.8.root
higgsCombineHToAAH125A16.8_MAY1_KINFIT_mumu.AsymptoticLimits.mH16.8.root
<ROOT.TTree object ("limit") at 0x599f5f0> 0.000292970364175

higgsCombineHToAAH125A16.9_MAY1_KINFIT_mumu.AsymptoticLimits.mH16.9.root
higgsCombineHToAAH125A16.9_MAY1_KINFIT_mumu.AsymptoticLimits.mH16.9.root
<ROOT.TTree object ("limit") at 0x599f2c0> 0.000292970123436

higgsCombineHToAAH125A17.0_MAY1_KINFIT_mumu.AsymptoticLimits.mH17.root
higgsCombineHToAAH125A17.0_MAY1_KINFIT_mumu.AsymptoticLimits.mH17.root
<ROOT.TTree object ("limit") at 0x599ec50> 0.000292970361364

higgsCombineHToAAH125A17.1_MAY1_KINFIT_mumu.AsymptoticLimits.mH17.1.root
higgsCombineHToAAH125A17.1_MAY1_KINFIT_mumu.AsymptoticLimits.mH17.1.root
<ROOT.TTree object ("limit") at 0x5952a70> 0.000292968764031

higgsCombineHToAAH125A17.2_MAY1_KINFIT_mumu.AsymptoticLimits.mH17.2.root
higgsCombineHToAAH125A17.2_MAY1_KINFIT_mumu.AsymptoticLimits.mH17.2.root
<ROOT.TTree object ("limit") at 0x59616f0> 0.000292973477537

higgsCombineHToAAH125A17.3_MAY1_KINFIT_mumu.AsymptoticLimits.mH17.3.root
higgsCombineHToAAH125A17.3_MAY1_KINFIT_mumu.AsymptoticLimits.mH17.3.root
<ROOT.TTree object ("limit") at 0x58e60f0> 0.000292969389995

higgsCombineHToAAH125A17.4_MAY1_KINFIT_mumu.AsymptoticLimits.mH17.4.root
higgsCombineHToAAH125A17.4_MAY1_KINFIT_mumu.AsymptoticLimits.mH17.4.root
<ROOT.TTree object ("limit") at 0x58e60f0> 0.000292969343753

higgsCombineHToAAH125A17.5_MAY1_KINFIT_mumu.AsymptoticLimits.mH17.5.root
higgsCombineHToAAH125A17.5_MAY1_KINFIT_mumu.AsymptoticLimits.mH17.5.root
<ROOT.TTree object ("limit") at 0x5952b90> 0.000292970687124

higgsCombineHToAAH125A17.6_MAY1_KINFIT_mumu.AsymptoticLimits.mH17.6.root
higgsCombineHToAAH125A17.6_MAY1_KINFIT_mumu.AsymptoticLimits.mH17.6.root
<ROOT.TTree object ("limit") at 0x5956480> 0.000292968751116

higgsCombineHToAAH125A17.7_MAY1_KINFIT_mumu.AsymptoticLimits.mH17.7.root
higgsCombineHToAAH125A17.7_MAY1_KINFIT_mumu.AsymptoticLimits.mH17.7.root
<ROOT.TTree object ("limit") at 0x58d7930> 0.000292999856546

higgsCombineHToAAH125A17.8_MAY1_KINFIT_mumu.AsymptoticLimits.mH17.8.root
higgsCombineHToAAH125A17.8_MAY1_KINFIT_mumu.AsymptoticLimits.mH17.8.root
<ROOT.TTree object ("limit") at 0x58d7930> 0.000292976305832

higgsCombineHToAAH125A17.9_MAY1_KINFIT_mumu.AsymptoticLimits.mH17.9.root
higgsCombineHToAAH125A17.9_MAY1_KINFIT_mumu.AsymptoticLimits.mH17.9.root
<ROOT.TTree object ("limit") at 0x58d7930> 0.000292968750089

higgsCombineHToAAH125A18.0_MAY1_KINFIT_mumu.AsymptoticLimits.mH18.root
higgsCombineHToAAH125A18.0_MAY1_KINFIT_mumu.AsymptoticLimits.mH18.root
<ROOT.TTree object ("limit") at 0x596a380> 0.000292968789005

higgsCombineHToAAH125A18.1_MAY1_KINFIT_mumu.AsymptoticLimits.mH18.1.root
higgsCombineHToAAH125A18.1_MAY1_KINFIT_mumu.AsymptoticLimits.mH18.1.root
<ROOT.TTree object ("limit") at 0x57e59b0> 0.000292968810567

higgsCombineHToAAH125A18.2_MAY1_KINFIT_mumu.AsymptoticLimits.mH18.2.root
higgsCombineHToAAH125A18.2_MAY1_KINFIT_mumu.AsymptoticLimits.mH18.2.root
<ROOT.TTree object ("limit") at 0x5976da0> 0.000292968763995

higgsCombineHToAAH125A18.3_MAY1_KINFIT_mumu.AsymptoticLimits.mH18.3.root
higgsCombineHToAAH125A18.3_MAY1_KINFIT_mumu.AsymptoticLimits.mH18.3.root
<ROOT.TTree object ("limit") at 0x5956480> 0.000292969494449

higgsCombineHToAAH125A18.4_MAY1_KINFIT_mumu.AsymptoticLimits.mH18.4.root
higgsCombineHToAAH125A18.4_MAY1_KINFIT_mumu.AsymptoticLimits.mH18.4.root
<ROOT.TTree object ("limit") at 0x58d7930> 0.00029296891054

higgsCombineHToAAH125A18.5_MAY1_KINFIT_mumu.AsymptoticLimits.mH18.5.root
higgsCombineHToAAH125A18.5_MAY1_KINFIT_mumu.AsymptoticLimits.mH18.5.root
<ROOT.TTree object ("limit") at 0x58d54f0> 0.000292968972263

higgsCombineHToAAH125A18.6_MAY1_KINFIT_mumu.AsymptoticLimits.mH18.6.root
higgsCombineHToAAH125A18.6_MAY1_KINFIT_mumu.AsymptoticLimits.mH18.6.root
<ROOT.TTree object ("limit") at 0x59abe50> 0.000292968788802

higgsCombineHToAAH125A18.7_MAY1_KINFIT_mumu.AsymptoticLimits.mH18.7.root
higgsCombineHToAAH125A18.7_MAY1_KINFIT_mumu.AsymptoticLimits.mH18.7.root
<ROOT.TTree object ("limit") at 0x5976a80> 0.000292969550607

higgsCombineHToAAH125A18.8_MAY1_KINFIT_mumu.AsymptoticLimits.mH18.8.root
higgsCombineHToAAH125A18.8_MAY1_KINFIT_mumu.AsymptoticLimits.mH18.8.root
<ROOT.TTree object ("limit") at 0x5952a00> 0.000293827038451

higgsCombineHToAAH125A18.9_MAY1_KINFIT_mumu.AsymptoticLimits.mH18.9.root
higgsCombineHToAAH125A18.9_MAY1_KINFIT_mumu.AsymptoticLimits.mH18.9.root
<ROOT.TTree object ("limit") at 0x596a340> 0.000314360790483

higgsCombineHToAAH125A19.0_MAY1_KINFIT_mumu.AsymptoticLimits.mH19.root
higgsCombineHToAAH125A19.0_MAY1_KINFIT_mumu.AsymptoticLimits.mH19.root
<ROOT.TTree object ("limit") at 0x57e59b0> 0.000329240395587

higgsCombineHToAAH125A19.1_MAY1_KINFIT_mumu.AsymptoticLimits.mH19.1.root
higgsCombineHToAAH125A19.1_MAY1_KINFIT_mumu.AsymptoticLimits.mH19.1.root
<ROOT.TTree object ("limit") at 0x59526b0> 0.00035475277648

higgsCombineHToAAH125A19.2_MAY1_KINFIT_mumu.AsymptoticLimits.mH19.2.root
higgsCombineHToAAH125A19.2_MAY1_KINFIT_mumu.AsymptoticLimits.mH19.2.root
<ROOT.TTree object ("limit") at 0x5976d90> 0.000393414996597

higgsCombineHToAAH125A19.3_MAY1_KINFIT_mumu.AsymptoticLimits.mH19.3.root
higgsCombineHToAAH125A19.3_MAY1_KINFIT_mumu.AsymptoticLimits.mH19.3.root
<ROOT.TTree object ("limit") at 0x58e60f0> 0.000458594924462

higgsCombineHToAAH125A19.4_MAY1_KINFIT_mumu.AsymptoticLimits.mH19.4.root
higgsCombineHToAAH125A19.4_MAY1_KINFIT_mumu.AsymptoticLimits.mH19.4.root
<ROOT.TTree object ("limit") at 0x5976c80> 0.000513980829573

higgsCombineHToAAH125A19.5_MAY1_KINFIT_mumu.AsymptoticLimits.mH19.5.root
higgsCombineHToAAH125A19.5_MAY1_KINFIT_mumu.AsymptoticLimits.mH19.5.root
<ROOT.TTree object ("limit") at 0x599f0a0> 0.000528779042464

higgsCombineHToAAH125A19.6_MAY1_KINFIT_mumu.AsymptoticLimits.mH19.6.root
higgsCombineHToAAH125A19.6_MAY1_KINFIT_mumu.AsymptoticLimits.mH19.6.root
<ROOT.TTree object ("limit") at 0x5952b10> 0.000497272330879

higgsCombineHToAAH125A19.7_MAY1_KINFIT_mumu.AsymptoticLimits.mH19.7.root
higgsCombineHToAAH125A19.7_MAY1_KINFIT_mumu.AsymptoticLimits.mH19.7.root
<ROOT.TTree object ("limit") at 0x57e59b0> 0.000412385112094

higgsCombineHToAAH125A19.8_MAY1_KINFIT_mumu.AsymptoticLimits.mH19.8.root
higgsCombineHToAAH125A19.8_MAY1_KINFIT_mumu.AsymptoticLimits.mH19.8.root
<ROOT.TTree object ("limit") at 0x58d7930> 0.000297896983767

higgsCombineHToAAH125A19.9_MAY1_KINFIT_mumu.AsymptoticLimits.mH19.9.root
higgsCombineHToAAH125A19.9_MAY1_KINFIT_mumu.AsymptoticLimits.mH19.9.root
<ROOT.TTree object ("limit") at 0x5915fa0> 0.000294689263824

higgsCombineHToAAH125A20.0_MAY1_KINFIT_mumu.AsymptoticLimits.mH20.root
higgsCombineHToAAH125A20.0_MAY1_KINFIT_mumu.AsymptoticLimits.mH20.root
<ROOT.TTree object ("limit") at 0x5976b70> 0.00263685007594

higgsCombineHToAAH125A20.1_MAY1_KINFIT_mumu.AsymptoticLimits.mH20.1.root
higgsCombineHToAAH125A20.1_MAY1_KINFIT_mumu.AsymptoticLimits.mH20.1.root
<ROOT.TTree object ("limit") at 0x58d7930> 0.00032177962858

higgsCombineHToAAH125A20.2_MAY1_KINFIT_mumu.AsymptoticLimits.mH20.2.root
higgsCombineHToAAH125A20.2_MAY1_KINFIT_mumu.AsymptoticLimits.mH20.2.root
<ROOT.TTree object ("limit") at 0x59761c0> 0.00037296859067

higgsCombineHToAAH125A20.3_MAY1_KINFIT_mumu.AsymptoticLimits.mH20.3.root
higgsCombineHToAAH125A20.3_MAY1_KINFIT_mumu.AsymptoticLimits.mH20.3.root
<ROOT.TTree object ("limit") at 0x599e5a0> 0.000382311976355

higgsCombineHToAAH125A20.4_MAY1_KINFIT_mumu.AsymptoticLimits.mH20.4.root
higgsCombineHToAAH125A20.4_MAY1_KINFIT_mumu.AsymptoticLimits.mH20.4.root
<ROOT.TTree object ("limit") at 0x58d7930> 0.000316869532907

higgsCombineHToAAH125A20.5_MAY1_KINFIT_mumu.AsymptoticLimits.mH20.5.root
higgsCombineHToAAH125A20.5_MAY1_KINFIT_mumu.AsymptoticLimits.mH20.5.root
<ROOT.TTree object ("limit") at 0x58d7930> 0.000293068730743

higgsCombineHToAAH125A20.6_MAY1_KINFIT_mumu.AsymptoticLimits.mH20.6.root
higgsCombineHToAAH125A20.6_MAY1_KINFIT_mumu.AsymptoticLimits.mH20.6.root
<ROOT.TTree object ("limit") at 0x5954d30> 0.000292972841931

higgsCombineHToAAH125A20.7_MAY1_KINFIT_mumu.AsymptoticLimits.mH20.7.root
higgsCombineHToAAH125A20.7_MAY1_KINFIT_mumu.AsymptoticLimits.mH20.7.root
<ROOT.TTree object ("limit") at 0x58e60f0> 0.000293068498275

higgsCombineHToAAH125A20.8_MAY1_KINFIT_mumu.AsymptoticLimits.mH20.8.root
higgsCombineHToAAH125A20.8_MAY1_KINFIT_mumu.AsymptoticLimits.mH20.8.root
<ROOT.TTree object ("limit") at 0x59abd30> 0.00029313184431

higgsCombineHToAAH125A20.9_MAY1_KINFIT_mumu.AsymptoticLimits.mH20.9.root
higgsCombineHToAAH125A20.9_MAY1_KINFIT_mumu.AsymptoticLimits.mH20.9.root
<ROOT.TTree object ("limit") at 0x59524a0> 0.000411732976889

higgsCombineHToAAH125A21.0_MAY1_KINFIT_mumu.AsymptoticLimits.mH21.root
higgsCombineHToAAH125A21.0_MAY1_KINFIT_mumu.AsymptoticLimits.mH21.root
<ROOT.TTree object ("limit") at 0x5967af0> 0.000532791141929

higgsCombineHToAAH125A3.7_MAY1_KINFIT_mumu.AsymptoticLimits.mH3.7.root
higgsCombineHToAAH125A3.7_MAY1_KINFIT_mumu.AsymptoticLimits.mH3.7.root
<ROOT.TTree object ("limit") at 0x57e59b0> 0.000292971563452

higgsCombineHToAAH125A3.8_MAY1_KINFIT_mumu.AsymptoticLimits.mH3.8.root
higgsCombineHToAAH125A3.8_MAY1_KINFIT_mumu.AsymptoticLimits.mH3.8.root
<ROOT.TTree object ("limit") at 0x5976bb0> 0.000292969292393

higgsCombineHToAAH125A3.9_MAY1_KINFIT_mumu.AsymptoticLimits.mH3.9.root
higgsCombineHToAAH125A3.9_MAY1_KINFIT_mumu.AsymptoticLimits.mH3.9.root
<ROOT.TTree object ("limit") at 0x5952720> 0.00029298376166

higgsCombineHToAAH125A4.0_MAY1_KINFIT_mumu.AsymptoticLimits.mH4.root
higgsCombineHToAAH125A4.0_MAY1_KINFIT_mumu.AsymptoticLimits.mH4.root
<ROOT.TTree object ("limit") at 0x5954710> 0.000292998927446

higgsCombineHToAAH125A4.1_MAY1_KINFIT_mumu.AsymptoticLimits.mH4.1.root
higgsCombineHToAAH125A4.1_MAY1_KINFIT_mumu.AsymptoticLimits.mH4.1.root
<ROOT.TTree object ("limit") at 0x599d790> 0.000292969317919

higgsCombineHToAAH125A4.2_MAY1_KINFIT_mumu.AsymptoticLimits.mH4.2.root
higgsCombineHToAAH125A4.2_MAY1_KINFIT_mumu.AsymptoticLimits.mH4.2.root
<ROOT.TTree object ("limit") at 0x59526f0> 0.000386439234687

higgsCombineHToAAH125A4.3_MAY1_KINFIT_mumu.AsymptoticLimits.mH4.3.root
higgsCombineHToAAH125A4.3_MAY1_KINFIT_mumu.AsymptoticLimits.mH4.3.root
<ROOT.TTree object ("limit") at 0x58d7930> 0.00630245792247

higgsCombineHToAAH125A4.4_MAY1_KINFIT_mumu.AsymptoticLimits.mH4.4.root
higgsCombineHToAAH125A4.4_MAY1_KINFIT_mumu.AsymptoticLimits.mH4.4.root
<ROOT.TTree object ("limit") at 0x5976910> 0.000293199991047

higgsCombineHToAAH125A4.5_MAY1_KINFIT_mumu.AsymptoticLimits.mH4.5.root
higgsCombineHToAAH125A4.5_MAY1_KINFIT_mumu.AsymptoticLimits.mH4.5.root
<ROOT.TTree object ("limit") at 0x5967b80> 0.00029297078205

higgsCombineHToAAH125A4.6_MAY1_KINFIT_mumu.AsymptoticLimits.mH4.6.root
higgsCombineHToAAH125A4.6_MAY1_KINFIT_mumu.AsymptoticLimits.mH4.6.root
<ROOT.TTree object ("limit") at 0x59693f0> 0.000292968754586

higgsCombineHToAAH125A4.7_MAY1_KINFIT_mumu.AsymptoticLimits.mH4.7.root
higgsCombineHToAAH125A4.7_MAY1_KINFIT_mumu.AsymptoticLimits.mH4.7.root
<ROOT.TTree object ("limit") at 0x59603b0> 0.000293023451311

higgsCombineHToAAH125A4.8_MAY1_KINFIT_mumu.AsymptoticLimits.mH4.8.root
higgsCombineHToAAH125A4.8_MAY1_KINFIT_mumu.AsymptoticLimits.mH4.8.root
<ROOT.TTree object ("limit") at 0x5956480> 0.00043144499739

higgsCombineHToAAH125A4.9_MAY1_KINFIT_mumu.AsymptoticLimits.mH4.9.root
higgsCombineHToAAH125A4.9_MAY1_KINFIT_mumu.AsymptoticLimits.mH4.9.root
<ROOT.TTree object ("limit") at 0x599d850> 0.000429198116385

higgsCombineHToAAH125A5.0_MAY1_KINFIT_mumu.AsymptoticLimits.mH5.root
higgsCombineHToAAH125A5.0_MAY1_KINFIT_mumu.AsymptoticLimits.mH5.root
<ROOT.TTree object ("limit") at 0x57e59b0> 0.000292969183826

higgsCombineHToAAH125A5.1_MAY1_KINFIT_mumu.AsymptoticLimits.mH5.1.root
higgsCombineHToAAH125A5.1_MAY1_KINFIT_mumu.AsymptoticLimits.mH5.1.root
<ROOT.TTree object ("limit") at 0x599d920> 0.0005424507614

higgsCombineHToAAH125A5.2_MAY1_KINFIT_mumu.AsymptoticLimits.mH5.2.root
higgsCombineHToAAH125A5.2_MAY1_KINFIT_mumu.AsymptoticLimits.mH5.2.root
<ROOT.TTree object ("limit") at 0x59693a0> 0.000514606924611

higgsCombineHToAAH125A5.3_MAY1_KINFIT_mumu.AsymptoticLimits.mH5.3.root
higgsCombineHToAAH125A5.3_MAY1_KINFIT_mumu.AsymptoticLimits.mH5.3.root
<ROOT.TTree object ("limit") at 0x5976e10> 0.000298076146756

higgsCombineHToAAH125A5.4_MAY1_KINFIT_mumu.AsymptoticLimits.mH5.4.root
higgsCombineHToAAH125A5.4_MAY1_KINFIT_mumu.AsymptoticLimits.mH5.4.root
<ROOT.TTree object ("limit") at 0x599d790> 0.000292979348369

higgsCombineHToAAH125A5.5_MAY1_KINFIT_mumu.AsymptoticLimits.mH5.5.root
higgsCombineHToAAH125A5.5_MAY1_KINFIT_mumu.AsymptoticLimits.mH5.5.root
<ROOT.TTree object ("limit") at 0x5976650> 0.000292968941679

higgsCombineHToAAH125A5.6_MAY1_KINFIT_mumu.AsymptoticLimits.mH5.6.root
higgsCombineHToAAH125A5.6_MAY1_KINFIT_mumu.AsymptoticLimits.mH5.6.root
<ROOT.TTree object ("limit") at 0x5956480> 0.000292992340696

higgsCombineHToAAH125A5.7_MAY1_KINFIT_mumu.AsymptoticLimits.mH5.7.root
higgsCombineHToAAH125A5.7_MAY1_KINFIT_mumu.AsymptoticLimits.mH5.7.root
<ROOT.TTree object ("limit") at 0x599d810> 0.000293339341118

higgsCombineHToAAH125A5.8_MAY1_KINFIT_mumu.AsymptoticLimits.mH5.8.root
higgsCombineHToAAH125A5.8_MAY1_KINFIT_mumu.AsymptoticLimits.mH5.8.root
<ROOT.TTree object ("limit") at 0x5981430> 0.000333528083803

higgsCombineHToAAH125A5.9_MAY1_KINFIT_mumu.AsymptoticLimits.mH5.9.root
higgsCombineHToAAH125A5.9_MAY1_KINFIT_mumu.AsymptoticLimits.mH5.9.root
<ROOT.TTree object ("limit") at 0x58d7930> 0.000378841110083

higgsCombineHToAAH125A6.0_MAY1_KINFIT_mumu.AsymptoticLimits.mH6.root
higgsCombineHToAAH125A6.0_MAY1_KINFIT_mumu.AsymptoticLimits.mH6.root
<ROOT.TTree object ("limit") at 0x59692e0> 0.000293022504332

higgsCombineHToAAH125A6.1_MAY1_KINFIT_mumu.AsymptoticLimits.mH6.1.root
higgsCombineHToAAH125A6.1_MAY1_KINFIT_mumu.AsymptoticLimits.mH6.1.root
<ROOT.TTree object ("limit") at 0x599d690> 0.000326644618503

higgsCombineHToAAH125A6.2_MAY1_KINFIT_mumu.AsymptoticLimits.mH6.2.root
higgsCombineHToAAH125A6.2_MAY1_KINFIT_mumu.AsymptoticLimits.mH6.2.root
<ROOT.TTree object ("limit") at 0x5969320> 0.000401238919001

higgsCombineHToAAH125A6.3_MAY1_KINFIT_mumu.AsymptoticLimits.mH6.3.root
higgsCombineHToAAH125A6.3_MAY1_KINFIT_mumu.AsymptoticLimits.mH6.3.root
<ROOT.TTree object ("limit") at 0x5959be0> 0.000340805084668

higgsCombineHToAAH125A6.4_MAY1_KINFIT_mumu.AsymptoticLimits.mH6.4.root
higgsCombineHToAAH125A6.4_MAY1_KINFIT_mumu.AsymptoticLimits.mH6.4.root
<ROOT.TTree object ("limit") at 0x57cebb0> 0.00411987304688
<ROOT.TTree object ("limit") at 0x57cebb0> 0.000293169351332

higgsCombineHToAAH125A6.5_MAY1_KINFIT_mumu.AsymptoticLimits.mH6.5.root
higgsCombineHToAAH125A6.5_MAY1_KINFIT_mumu.AsymptoticLimits.mH6.5.root
<ROOT.TTree object ("limit") at 0x58d7930> 0.000292968771617

higgsCombineHToAAH125A6.6_MAY1_KINFIT_mumu.AsymptoticLimits.mH6.6.root
higgsCombineHToAAH125A6.6_MAY1_KINFIT_mumu.AsymptoticLimits.mH6.6.root
<ROOT.TTree object ("limit") at 0x5974680> 0.00357055664062
<ROOT.TTree object ("limit") at 0x5974680> 0.00237026019286

higgsCombineHToAAH125A6.7_MAY1_KINFIT_mumu.AsymptoticLimits.mH6.7.root
higgsCombineHToAAH125A6.7_MAY1_KINFIT_mumu.AsymptoticLimits.mH6.7.root
<ROOT.TTree object ("limit") at 0x58d7930> 0.00108447822224

higgsCombineHToAAH125A6.8_MAY1_KINFIT_mumu.AsymptoticLimits.mH6.8.root
higgsCombineHToAAH125A6.8_MAY1_KINFIT_mumu.AsymptoticLimits.mH6.8.root
<ROOT.TTree object ("limit") at 0x5969370> 0.0003662109375
<ROOT.TTree object ("limit") at 0x5969370> 0.000640869140625
<ROOT.TTree object ("limit") at 0x5969370> 0.00146484375
<ROOT.TTree object ("limit") at 0x5969370> 0.00183853530325
<ROOT.TTree object ("limit") at 0x5969370> 0.00216551544145
<ROOT.TTree object ("limit") at 0x5969370> 0.000316906722512

higgsCombineHToAAH125A6.9_MAY1_KINFIT_mumu.AsymptoticLimits.mH6.9.root
higgsCombineHToAAH125A6.9_MAY1_KINFIT_mumu.AsymptoticLimits.mH6.9.root
<ROOT.TTree object ("limit") at 0x5974710> 0.000292977840404

higgsCombineHToAAH125A7.0_MAY1_KINFIT_mumu.AsymptoticLimits.mH7.root
higgsCombineHToAAH125A7.0_MAY1_KINFIT_mumu.AsymptoticLimits.mH7.root
<ROOT.TTree object ("limit") at 0x5958f20> 0.000292969344601

higgsCombineHToAAH125A7.1_MAY1_KINFIT_mumu.AsymptoticLimits.mH7.1.root
higgsCombineHToAAH125A7.1_MAY1_KINFIT_mumu.AsymptoticLimits.mH7.1.root
<ROOT.TTree object ("limit") at 0x58d7930> 0.000293263045065

higgsCombineHToAAH125A7.2_MAY1_KINFIT_mumu.AsymptoticLimits.mH7.2.root
higgsCombineHToAAH125A7.2_MAY1_KINFIT_mumu.AsymptoticLimits.mH7.2.root
<ROOT.TTree object ("limit") at 0x5975570> 0.00030517578125
<ROOT.TTree object ("limit") at 0x5975570> 0.00164031982422
<ROOT.TTree object ("limit") at 0x5975570> 0.00244140625
<ROOT.TTree object ("limit") at 0x5975570> 0.0027528158389
<ROOT.TTree object ("limit") at 0x5975570> 0.00304476241581
<ROOT.TTree object ("limit") at 0x5975570> 0.00168068594851

higgsCombineHToAAH125A7.3_MAY1_KINFIT_mumu.AsymptoticLimits.mH7.3.root
higgsCombineHToAAH125A7.3_MAY1_KINFIT_mumu.AsymptoticLimits.mH7.3.root
<ROOT.TTree object ("limit") at 0x5974860> 0.00498047176809

higgsCombineHToAAH125A7.4_MAY1_KINFIT_mumu.AsymptoticLimits.mH7.4.root
higgsCombineHToAAH125A7.4_MAY1_KINFIT_mumu.AsymptoticLimits.mH7.4.root
<ROOT.TTree object ("limit") at 0x58d7930> 0.00030517578125
<ROOT.TTree object ("limit") at 0x58d7930> 0.000572204589844
<ROOT.TTree object ("limit") at 0x58d7930> 0.00244140625
<ROOT.TTree object ("limit") at 0x58d7930> 0.0027528158389
<ROOT.TTree object ("limit") at 0x58d7930> 0.00304476241581
<ROOT.TTree object ("limit") at 0x58d7930> 0.00272849418617

higgsCombineHToAAH125A7.5_MAY1_KINFIT_mumu.AsymptoticLimits.mH7.5.root
higgsCombineHToAAH125A7.5_MAY1_KINFIT_mumu.AsymptoticLimits.mH7.5.root
<ROOT.TTree object ("limit") at 0x5973fb0> 0.000274658203125
<ROOT.TTree object ("limit") at 0x5973fb0> 0.000532150268555
<ROOT.TTree object ("limit") at 0x5973fb0> 0.00439453125
<ROOT.TTree object ("limit") at 0x5973fb0> 0.00467479974031
<ROOT.TTree object ("limit") at 0x5973fb0> 0.00494631007314
<ROOT.TTree object ("limit") at 0x5973fb0> 0.00362993115996

higgsCombineHToAAH125A7.6_MAY1_KINFIT_mumu.AsymptoticLimits.mH7.6.root
higgsCombineHToAAH125A7.6_MAY1_KINFIT_mumu.AsymptoticLimits.mH7.6.root
<ROOT.TTree object ("limit") at 0x5974910> 0.000274658203125
<ROOT.TTree object ("limit") at 0x5974910> 0.000532150268555
<ROOT.TTree object ("limit") at 0x5974910> 0.00439453125
<ROOT.TTree object ("limit") at 0x5974910> 0.00467479974031
<ROOT.TTree object ("limit") at 0x5974910> 0.00494631007314
<ROOT.TTree object ("limit") at 0x5974910> 0.00369155948445

higgsCombineHToAAH125A7.7_MAY1_KINFIT_mumu.AsymptoticLimits.mH7.7.root
higgsCombineHToAAH125A7.7_MAY1_KINFIT_mumu.AsymptoticLimits.mH7.7.root
<ROOT.TTree object ("limit") at 0x5968dc0> 0.0158615112305
<ROOT.TTree object ("limit") at 0x5968dc0> 0.0125976562522

higgsCombineHToAAH125A7.8_MAY1_KINFIT_mumu.AsymptoticLimits.mH7.8.root
higgsCombineHToAAH125A7.8_MAY1_KINFIT_mumu.AsymptoticLimits.mH7.8.root
<ROOT.TTree object ("limit") at 0x23a80e0> 0.000274658203125
<ROOT.TTree object ("limit") at 0x23a80e0> 0.000532150268555
<ROOT.TTree object ("limit") at 0x23a80e0> 0.00439453125
<ROOT.TTree object ("limit") at 0x23a80e0> 0.00467479974031
<ROOT.TTree object ("limit") at 0x23a80e0> 0.00548933027312
<ROOT.TTree object ("limit") at 0x23a80e0> 0.00415257344568

higgsCombineHToAAH125A7.9_MAY1_KINFIT_mumu.AsymptoticLimits.mH7.9.root
higgsCombineHToAAH125A7.9_MAY1_KINFIT_mumu.AsymptoticLimits.mH7.9.root
<ROOT.TTree object ("limit") at 0x5968dc0> 0.0177841186523
<ROOT.TTree object ("limit") at 0x5968dc0> 0.00437081156374

higgsCombineHToAAH125A8.0_MAY1_KINFIT_mumu.AsymptoticLimits.mH8.root
higgsCombineHToAAH125A8.0_MAY1_KINFIT_mumu.AsymptoticLimits.mH8.root
<ROOT.TTree object ("limit") at 0x5975200> 0.000274658203125
<ROOT.TTree object ("limit") at 0x5975200> 0.000532150268555
<ROOT.TTree object ("limit") at 0x5975200> 0.00439453125
<ROOT.TTree object ("limit") at 0x5975200> 0.0052353371866
<ROOT.TTree object ("limit") at 0x5975200> 0.00548933073878
<ROOT.TTree object ("limit") at 0x5975200> 0.00443308768951

higgsCombineHToAAH125A8.1_MAY1_KINFIT_mumu.AsymptoticLimits.mH8.1.root
higgsCombineHToAAH125A8.1_MAY1_KINFIT_mumu.AsymptoticLimits.mH8.1.root
<ROOT.TTree object ("limit") at 0x5974a00> 0.0187454223633
<ROOT.TTree object ("limit") at 0x5974a00> 0.000292969025753

higgsCombineHToAAH125A8.2_MAY1_KINFIT_mumu.AsymptoticLimits.mH8.2.root
higgsCombineHToAAH125A8.2_MAY1_KINFIT_mumu.AsymptoticLimits.mH8.2.root
<ROOT.TTree object ("limit") at 0x5958f00> 0.000274658203125
<ROOT.TTree object ("limit") at 0x5958f00> 0.000532150268555
<ROOT.TTree object ("limit") at 0x5958f00> 0.00439453125
<ROOT.TTree object ("limit") at 0x5958f00> 0.0052353371866
<ROOT.TTree object ("limit") at 0x5958f00> 0.00548933073878
<ROOT.TTree object ("limit") at 0x5958f00> 0.00439453134717

higgsCombineHToAAH125A8.3_MAY1_KINFIT_mumu.AsymptoticLimits.mH8.3.root
higgsCombineHToAAH125A8.3_MAY1_KINFIT_mumu.AsymptoticLimits.mH8.3.root
<ROOT.TTree object ("limit") at 0x5956480> 0.0197067260742
<ROOT.TTree object ("limit") at 0x5956480> 0.00429806046417

higgsCombineHToAAH125A8.4_MAY1_KINFIT_mumu.AsymptoticLimits.mH8.4.root
higgsCombineHToAAH125A8.4_MAY1_KINFIT_mumu.AsymptoticLimits.mH8.4.root
<ROOT.TTree object ("limit") at 0x5974f20> 0.0197067260742
<ROOT.TTree object ("limit") at 0x5974f20> 0.000292969244229

higgsCombineHToAAH125A8.5_MAY1_KINFIT_mumu.AsymptoticLimits.mH8.5.root
higgsCombineHToAAH125A8.5_MAY1_KINFIT_mumu.AsymptoticLimits.mH8.5.root
<ROOT.TTree object ("limit") at 0x5974810> 0.0187454223633
<ROOT.TTree object ("limit") at 0x5974810> 0.00451459639003

higgsCombineHToAAH125A8.6_MAY1_KINFIT_mumu.AsymptoticLimits.mH8.6.root
higgsCombineHToAAH125A8.6_MAY1_KINFIT_mumu.AsymptoticLimits.mH8.6.root
<ROOT.TTree object ("limit") at 0x5959000> 0.00462009370757

higgsCombineHToAAH125A8.7_MAY1_KINFIT_mumu.AsymptoticLimits.mH8.7.root
higgsCombineHToAAH125A8.7_MAY1_KINFIT_mumu.AsymptoticLimits.mH8.7.root
<ROOT.TTree object ("limit") at 0x5975480> 0.00453769762571

higgsCombineHToAAH125A8.8_MAY1_KINFIT_mumu.AsymptoticLimits.mH8.8.root
higgsCombineHToAAH125A8.8_MAY1_KINFIT_mumu.AsymptoticLimits.mH8.8.root
<ROOT.TTree object ("limit") at 0x5974f20> 0.0177841186523
<ROOT.TTree object ("limit") at 0x5974f20> 0.00419133701509

higgsCombineHToAAH125A8.9_MAY1_KINFIT_mumu.AsymptoticLimits.mH8.9.root
higgsCombineHToAAH125A8.9_MAY1_KINFIT_mumu.AsymptoticLimits.mH8.9.root
<ROOT.TTree object ("limit") at 0x5956480> 0.0108795166016
<ROOT.TTree object ("limit") at 0x5956480> 0.00329617273898

higgsCombineHToAAH125A9.0_MAY1_KINFIT_mumu.AsymptoticLimits.mH9.root
higgsCombineHToAAH125A9.0_MAY1_KINFIT_mumu.AsymptoticLimits.mH9.root
<ROOT.TTree object ("limit") at 0x5956480> 0.000292971609466

higgsCombineHToAAH125A9.1_MAY1_KINFIT_mumu.AsymptoticLimits.mH9.1.root
higgsCombineHToAAH125A9.1_MAY1_KINFIT_mumu.AsymptoticLimits.mH9.1.root
<ROOT.TTree object ("limit") at 0x5974fb0> 0.0168228149414
<ROOT.TTree object ("limit") at 0x5974fb0> 0.0020507812549

higgsCombineHToAAH125A9.2_MAY1_KINFIT_mumu.AsymptoticLimits.mH9.2.root
higgsCombineHToAAH125A9.2_MAY1_KINFIT_mumu.AsymptoticLimits.mH9.2.root
<ROOT.TTree object ("limit") at 0x59749c0> 0.0615272521973
<ROOT.TTree object ("limit") at 0x59749c0> 0.0624023454395

higgsCombineHToAAH125A9.3_MAY1_KINFIT_mumu.AsymptoticLimits.mH9.3.root
higgsCombineHToAAH125A9.3_MAY1_KINFIT_mumu.AsymptoticLimits.mH9.3.root
<ROOT.TTree object ("limit") at 0x57b0b50> 0.0958156585693
<ROOT.TTree object ("limit") at 0x57b0b50> 0.0185152246248

higgsCombineHToAAH125A9.4_MAY1_KINFIT_mumu.AsymptoticLimits.mH9.4.root
higgsCombineHToAAH125A9.4_MAY1_KINFIT_mumu.AsymptoticLimits.mH9.4.root
<ROOT.TTree object ("limit") at 0x5974cc0> 0.000312805175781
<ROOT.TTree object ("limit") at 0x5974cc0> 0.000620722770691
<ROOT.TTree object ("limit") at 0x5974cc0> 0.02001953125
<ROOT.TTree object ("limit") at 0x5974cc0> 0.0216155052185
<ROOT.TTree object ("limit") at 0x5974cc0> 0.0225356835872
<ROOT.TTree object ("limit") at 0x5974cc0> 0.0222870200384

higgsCombineHToAAH125A9.5_MAY1_KINFIT_mumu.AsymptoticLimits.mH9.5.root
higgsCombineHToAAH125A9.5_MAY1_KINFIT_mumu.AsymptoticLimits.mH9.5.root
<ROOT.TTree object ("limit") at 0x5960020> 0.025731687767

higgsCombineHToAAH125A9.6_MAY1_KINFIT_mumu.AsymptoticLimits.mH9.6.root
higgsCombineHToAAH125A9.6_MAY1_KINFIT_mumu.AsymptoticLimits.mH9.6.root
<ROOT.TTree object ("limit") at 0x5992b90> 0.183398444059

higgsCombineHToAAH125A9.7_MAY1_KINFIT_mumu.AsymptoticLimits.mH9.7.root
higgsCombineHToAAH125A9.7_MAY1_KINFIT_mumu.AsymptoticLimits.mH9.7.root
<ROOT.TTree object ("limit") at 0x5993cd0> 0.00205080980903

higgsCombineHToAAH125A9.8_MAY1_KINFIT_mumu.AsymptoticLimits.mH9.8.root
higgsCombineHToAAH125A9.8_MAY1_KINFIT_mumu.AsymptoticLimits.mH9.8.root
<ROOT.TTree object ("limit") at 0x5974400> 0.000286102294922
<ROOT.TTree object ("limit") at 0x5974400> 0.000569969415665
<ROOT.TTree object ("limit") at 0x5974400> 0.03662109375
<ROOT.TTree object ("limit") at 0x5974400> 0.0386647209525
<ROOT.TTree object ("limit") at 0x5974400> 0.0412203930318
<ROOT.TTree object ("limit") at 0x5974400> 0.0351750089274

higgsCombineHToAAH125A9.9_MAY1_KINFIT_mumu.AsymptoticLimits.mH9.9.root
higgsCombineHToAAH125A9.9_MAY1_KINFIT_mumu.AsymptoticLimits.mH9.9.root
<ROOT.TTree object ("limit") at 0x5992920> 0.000316619873047
<ROOT.TTree object ("limit") at 0x5992920> 0.000630766153336
<ROOT.TTree object ("limit") at 0x5992920> 0.04052734375
<ROOT.TTree object ("limit") at 0x5992920> 0.0421427823603
<ROOT.TTree object ("limit") at 0x5992920> 0.0453105531633
<ROOT.TTree object ("limit") at 0x5992920> 0.038622074445

__init__.pyc
3.7 	[0.0002929715634516939]
